<?xml version="1.0" encoding="UTF-8"?>
<!-- Generated by org.testng.reporters.JUnitReportReporter -->
<testsuite hostname="DESKTOP-JNDOI91" failures="0" tests="5" name="Parllel.Testcase1" time="0.036" errors="0" timestamp="2024-09-26T00:11:44 IST" skipped="0">
  <testcase classname="Parllel.Testcase1" name="testMethod1" time="0.014"/>
  <system-out/>
  <testcase classname="Parllel.Testcase1" name="testMethod2" time="0.014"/>
  <system-out/>
  <testcase classname="Parllel.Testcase1" name="testMethod4" time="0.003"/>
  <system-out/>
  <testcase classname="Parllel.Testcase1" name="testMethod3" time="0.003"/>
  <system-out/>
  <testcase classname="Parllel.Testcase1" name="testMethod5" time="0.002"/>
  <system-out/>
</testsuite> <!-- Parllel.Testcase1 -->
