<?xml version="1.0" encoding="UTF-8"?>
<!-- Generated by org.testng.reporters.JUnitReportReporter -->
<testsuite hostname="DESKTOP-JNDOI91" failures="0" tests="3" name="Parllel.Testcase3" time="0.022" errors="0" timestamp="2024-09-26T00:11:44 IST" skipped="0">
  <testcase classname="Parllel.Testcase3" name="testMethod9" time="0.004"/>
  <system-out/>
  <testcase classname="Parllel.Testcase3" name="testMethod11" time="0.011"/>
  <system-out/>
  <testcase classname="Parllel.Testcase3" name="testMethod10" time="0.007"/>
  <system-out/>
</testsuite> <!-- Parllel.Testcase3 -->
