<?xml version="1.0" encoding="UTF-8"?>
<!-- Generated by org.testng.reporters.JUnitReportReporter -->
<testsuite hostname="DESKTOP-JNDOI91" failures="0" tests="1" name="Tests.TestClass" time="9.252" errors="0" timestamp="2024-09-26T00:10:07 IST" skipped="0">
  <testcase classname="Tests.TestClass" name="openGmail" time="9.252"/>
  <system-out/>
</testsuite> <!-- Tests.TestClass -->
