<?xml version="1.0" encoding="UTF-8"?>
<!-- Generated by org.testng.reporters.JUnitReportReporter -->
<testsuite hostname="DESKTOP-JNDOI91" failures="0" tests="3" name="Parllel.Testcase2" time="0.014" errors="0" timestamp="2024-09-26T00:11:44 IST" skipped="0">
  <testcase classname="Parllel.Testcase2" name="testMethod6" time="0.008"/>
  <system-out/>
  <testcase classname="Parllel.Testcase2" name="testMethod7" time="0.003"/>
  <system-out/>
  <testcase classname="Parllel.Testcase2" name="testMethod8" time="0.003"/>
  <system-out/>
</testsuite> <!-- Parllel.Testcase2 -->
